<?xml version="1.0" encoding="UTF-8"?>
<testsuite xmlns:xsi="http://www.w3.org/2001/XMLSchema-instance" xsi:noNamespaceSchemaLocation="https://maven.apache.org/surefire/maven-surefire-plugin/xsd/surefire-test-report-3.0.xsd" version="3.0" name="com.training.MyLibraryTest" time="0.07" tests="5" errors="0" skipped="0" failures="0">
  <properties>
    <property name="java.specification.version" value="17"/>
    <property name="sun.management.compiler" value="HotSpot 64-Bit Tiered Compilers"/>
    <property name="sun.jnu.encoding" value="UTF-8"/>
    <property name="java.runtime.version" value="17-ea+16-1315"/>
    <property name="java.class.path" value="/project/target/test-classes:/project/target/classes:/root/.m2/repository/org/junit/jupiter/junit-jupiter-api/5.10.2/junit-jupiter-api-5.10.2.jar:/root/.m2/repository/org/opentest4j/opentest4j/1.3.0/opentest4j-1.3.0.jar:/root/.m2/repository/org/junit/platform/junit-platform-commons/1.10.2/junit-platform-commons-1.10.2.jar:/root/.m2/repository/org/apiguardian/apiguardian-api/1.1.2/apiguardian-api-1.1.2.jar:"/>
    <property name="user.name" value="root"/>
    <property name="java.vm.vendor" value="Oracle Corporation"/>
    <property name="path.separator" value=":"/>
    <property name="sun.arch.data.model" value="64"/>
    <property name="os.version" value="6.5.0-1018-aws"/>
    <property name="java.runtime.name" value="OpenJDK Runtime Environment"/>
    <property name="file.encoding" value="UTF-8"/>
    <property name="java.vendor.url" value="https://java.oracle.com/"/>
    <property name="java.vm.name" value="OpenJDK 64-Bit Server VM"/>
    <property name="java.vm.specification.version" value="17"/>
    <property name="os.name" value="Linux"/>
    <property name="sun.java.launcher" value="SUN_STANDARD"/>
    <property name="localRepository" value="/root/.m2/repository"/>
    <property name="sun.boot.library.path" value="/usr/java/openjdk-17/lib"/>
    <property name="sun.java.command" value="/project/target/surefire/surefirebooter-20240521194223373_3.jar /project/target/surefire 2024-05-21T19-42-22_975-jvmRun1 surefire-20240521194223373_1tmp surefire_0-20240521194223373_2tmp"/>
    <property name="java.vendor.url.bug" value="https://bugreport.java.com/bugreport/"/>
    <property name="java.io.tmpdir" value="/tmp"/>
    <property name="jdk.debug" value="release"/>
    <property name="surefire.test.class.path" value="/project/target/test-classes:/project/target/classes:/root/.m2/repository/org/junit/jupiter/junit-jupiter-api/5.10.2/junit-jupiter-api-5.10.2.jar:/root/.m2/repository/org/opentest4j/opentest4j/1.3.0/opentest4j-1.3.0.jar:/root/.m2/repository/org/junit/platform/junit-platform-commons/1.10.2/junit-platform-commons-1.10.2.jar:/root/.m2/repository/org/apiguardian/apiguardian-api/1.1.2/apiguardian-api-1.1.2.jar:"/>
    <property name="sun.cpu.endian" value="little"/>
    <property name="java.version" value="17-ea"/>
    <property name="user.home" value="/root"/>
    <property name="user.dir" value="/project"/>
    <property name="os.arch" value="amd64"/>
    <property name="user.language" value="en"/>
    <property name="java.specification.vendor" value="Oracle Corporation"/>
    <property name="java.vm.specification.name" value="Java Virtual Machine Specification"/>
    <property name="java.version.date" value="2021-09-14"/>
    <property name="java.home" value="/usr/java/openjdk-17"/>
    <property name="file.separator" value="/"/>
    <property name="basedir" value="/project"/>
    <property name="java.vm.compressedOopsMode" value="Zero based"/>
    <property name="line.separator" value="&#10;"/>
    <property name="java.library.path" value="/usr/java/packages/lib:/usr/lib64:/lib64:/lib:/usr/lib"/>
    <property name="java.vm.info" value="mixed mode, sharing"/>
    <property name="java.vm.specification.vendor" value="Oracle Corporation"/>
    <property name="java.specification.name" value="Java Platform API Specification"/>
    <property name="java.vendor" value="Oracle Corporation"/>
    <property name="java.vm.version" value="17-ea+16-1315"/>
    <property name="sun.io.unicode.encoding" value="UnicodeLittle"/>
    <property name="java.class.version" value="61.0"/>
    <property name="surefire.real.class.path" value="/project/target/surefire/surefirebooter-20240521194223373_3.jar"/>
  </properties>
  <testcase name="sum2PositiveNumbersTest" classname="com.training.MyLibraryTest" time="0.029"/>
  <testcase name="sumZeroTest" classname="com.training.MyLibraryTest" time="0.003"/>
  <testcase name="doubleZeroTest" classname="com.training.MyLibraryTest" time="0.001"/>
  <testcase name="doublePositiveNumberTest" classname="com.training.MyLibraryTest" time="0.001"/>
  <testcase name="sum2NegativeNumbersTest" classname="com.training.MyLibraryTest" time="0.002"/>
</testsuite>